This file contains any messages produced by compilers while
running configure, to aid debugging if configure makes a mistake.

It was created by linc configure 1.0, which was
generated by GNU Autoconf 2.69.  Invocation command line was

  $ ./configure --prefix=/usr/local/linc

## --------- ##
## Platform. ##
## --------- ##

hostname = promote.cache-dns.local
uname -m = x86_64
uname -r = 3.10.0-693.11.1.el7.x86_64
uname -s = Linux
uname -v = #1 SMP Mon Dec 4 23:52:40 UTC 2017

/usr/bin/uname -p = x86_64
/bin/uname -X     = unknown

/bin/arch              = x86_64
/usr/bin/arch -k       = unknown
/usr/convex/getsysinfo = unknown
/usr/bin/hostinfo      = unknown
/bin/machine           = unknown
/usr/bin/oslevel       = unknown
/bin/universe          = unknown

PATH: /usr/local/sbin
PATH: /usr/local/bin
PATH: /usr/sbin
PATH: /usr/bin
PATH: /root/bin


## ----------- ##
## Core tests. ##
## ----------- ##

configure:2304: checking for a BSD-compatible install
configure:2372: result: /usr/bin/install -c
configure:2383: checking whether build environment is sane
configure:2438: result: yes
configure:2589: checking for a thread-safe mkdir -p
configure:2628: result: /usr/bin/mkdir -p
configure:2635: checking for gawk
configure:2651: found /usr/bin/gawk
configure:2662: result: gawk
configure:2673: checking whether make sets $(MAKE)
configure:2695: result: yes
configure:2724: checking whether make supports nested variables
configure:2741: result: yes
configure:2878: checking for gcc
configure:2894: found /usr/bin/gcc
configure:2905: result: gcc
configure:3134: checking for C compiler version
configure:3143: gcc --version >&5
gcc (GCC) 4.8.5 20150623 (Red Hat 4.8.5-16)
Copyright (C) 2015 Free Software Foundation, Inc.
This is free software; see the source for copying conditions.  There is NO
warranty; not even for MERCHANTABILITY or FITNESS FOR A PARTICULAR PURPOSE.

configure:3154: $? = 0
configure:3143: gcc -v >&5
Using built-in specs.
COLLECT_GCC=gcc
COLLECT_LTO_WRAPPER=/usr/libexec/gcc/x86_64-redhat-linux/4.8.5/lto-wrapper
Target: x86_64-redhat-linux
Configured with: ../configure --prefix=/usr --mandir=/usr/share/man --infodir=/usr/share/info --with-bugurl=http://bugzilla.redhat.com/bugzilla --enable-bootstrap --enable-shared --enable-threads=posix --enable-checking=release --with-system-zlib --enable-__cxa_atexit --disable-libunwind-exceptions --enable-gnu-unique-object --enable-linker-build-id --with-linker-hash-style=gnu --enable-languages=c,c++,objc,obj-c++,java,fortran,ada,go,lto --enable-plugin --enable-initfini-array --disable-libgcj --with-isl=/builddir/build/BUILD/gcc-4.8.5-20150702/obj-x86_64-redhat-linux/isl-install --with-cloog=/builddir/build/BUILD/gcc-4.8.5-20150702/obj-x86_64-redhat-linux/cloog-install --enable-gnu-indirect-function --with-tune=generic --with-arch_32=x86-64 --build=x86_64-redhat-linux
Thread model: posix
gcc version 4.8.5 20150623 (Red Hat 4.8.5-16) (GCC) 
configure:3154: $? = 0
configure:3143: gcc -V >&5
gcc: error: unrecognized command line option '-V'
gcc: fatal error: no input files
compilation terminated.
configure:3154: $? = 4
configure:3143: gcc -qversion >&5
gcc: error: unrecognized command line option '-qversion'
gcc: fatal error: no input files
compilation terminated.
configure:3154: $? = 4
configure:3174: checking whether the C compiler works
configure:3196: gcc    conftest.c  >&5
configure:3200: $? = 0
configure:3248: result: yes
configure:3251: checking for C compiler default output file name
configure:3253: result: a.out
configure:3259: checking for suffix of executables
configure:3266: gcc -o conftest    conftest.c  >&5
configure:3270: $? = 0
configure:3292: result: 
configure:3314: checking whether we are cross compiling
configure:3322: gcc -o conftest    conftest.c  >&5
configure:3326: $? = 0
configure:3333: ./conftest
configure:3337: $? = 0
configure:3352: result: no
configure:3357: checking for suffix of object files
configure:3379: gcc -c   conftest.c >&5
configure:3383: $? = 0
configure:3404: result: o
configure:3408: checking whether we are using the GNU C compiler
configure:3427: gcc -c   conftest.c >&5
configure:3427: $? = 0
configure:3436: result: yes
configure:3445: checking whether gcc accepts -g
configure:3465: gcc -c -g  conftest.c >&5
configure:3465: $? = 0
configure:3506: result: yes
configure:3523: checking for gcc option to accept ISO C89
configure:3586: gcc  -c -g -O2  conftest.c >&5
configure:3586: $? = 0
configure:3599: result: none needed
configure:3630: checking for style of include used by make
configure:3658: result: GNU
configure:3684: checking dependency style of gcc
configure:3795: result: gcc3
configure:3853: checking for ranlib
configure:3869: found /usr/bin/ranlib
configure:3880: result: ranlib
configure:3931: checking build system type
configure:3945: result: x86_64-unknown-linux-gnu
configure:3965: checking host system type
configure:3978: result: x86_64-unknown-linux-gnu
configure:4019: checking how to print strings
configure:4046: result: printf
configure:4067: checking for a sed that does not truncate output
configure:4131: result: /usr/bin/sed
configure:4149: checking for grep that handles long lines and -e
configure:4207: result: /usr/bin/grep
configure:4212: checking for egrep
configure:4274: result: /usr/bin/grep -E
configure:4279: checking for fgrep
configure:4341: result: /usr/bin/grep -F
configure:4376: checking for ld used by gcc
configure:4443: result: /usr/bin/ld
configure:4450: checking if the linker (/usr/bin/ld) is GNU ld
configure:4465: result: yes
configure:4477: checking for BSD- or MS-compatible name lister (nm)
configure:4526: result: /usr/bin/nm -B
configure:4656: checking the name lister (/usr/bin/nm -B) interface
configure:4663: gcc -c -g -O2  conftest.c >&5
configure:4666: /usr/bin/nm -B "conftest.o"
configure:4669: output
0000000000000000 B some_variable
configure:4676: result: BSD nm
configure:4679: checking whether ln -s works
configure:4683: result: yes
configure:4691: checking the maximum length of command line arguments
configure:4821: result: 1572864
configure:4838: checking whether the shell understands some XSI constructs
configure:4848: result: yes
configure:4852: checking whether the shell understands "+="
configure:4858: result: yes
configure:4893: checking how to convert x86_64-unknown-linux-gnu file names to x86_64-unknown-linux-gnu format
configure:4933: result: func_convert_file_noop
configure:4940: checking how to convert x86_64-unknown-linux-gnu file names to toolchain format
configure:4960: result: func_convert_file_noop
configure:4967: checking for /usr/bin/ld option to reload object files
configure:4974: result: -r
configure:5048: checking for objdump
configure:5064: found /usr/bin/objdump
configure:5075: result: objdump
configure:5107: checking how to recognize dependent libraries
configure:5309: result: pass_all
configure:5394: checking for dlltool
configure:5424: result: no
configure:5454: checking how to associate runtime and link libraries
configure:5481: result: printf %s\n
configure:5542: checking for ar
configure:5558: found /usr/bin/ar
configure:5569: result: ar
configure:5606: checking for archiver @FILE support
configure:5623: gcc -c -g -O2  conftest.c >&5
configure:5623: $? = 0
configure:5626: ar cru libconftest.a @conftest.lst >&5
configure:5629: $? = 0
configure:5634: ar cru libconftest.a @conftest.lst >&5
ar: conftest.o: No such file or directory
configure:5637: $? = 1
configure:5649: result: @
configure:5707: checking for strip
configure:5723: found /usr/bin/strip
configure:5734: result: strip
configure:5806: checking for ranlib
configure:5833: result: ranlib
configure:5935: checking command to parse /usr/bin/nm -B output from gcc object
configure:6055: gcc -c -g -O2  conftest.c >&5
configure:6058: $? = 0
configure:6062: /usr/bin/nm -B conftest.o \| sed -n -e 's/^.*[ ]\([ABCDGIRSTW][ABCDGIRSTW]*\)[ ][ ]*\([_A-Za-z][_A-Za-z0-9]*\)$/\1 \2 \2/p' | sed '/ __gnu_lto/d' \> conftest.nm
configure:6065: $? = 0
configure:6131: gcc -o conftest -g -O2   conftest.c conftstm.o >&5
configure:6134: $? = 0
configure:6172: result: ok
configure:6209: checking for sysroot
configure:6239: result: no
configure:6316: gcc -c -g -O2  conftest.c >&5
configure:6319: $? = 0
configure:6495: checking for mt
configure:6525: result: no
configure:6545: checking if : is a manifest tool
configure:6551: : '-?'
configure:6559: result: no
configure:7201: checking how to run the C preprocessor
configure:7232: gcc -E  conftest.c
configure:7232: $? = 0
configure:7246: gcc -E  conftest.c
conftest.c:11:28: fatal error: ac_nonexistent.h: No such file or directory
 #include <ac_nonexistent.h>
                            ^
compilation terminated.
configure:7246: $? = 1
configure: failed program was:
| /* confdefs.h */
| #define PACKAGE_NAME "linc"
| #define PACKAGE_TARNAME "linc"
| #define PACKAGE_VERSION "1.0"
| #define PACKAGE_STRING "linc 1.0"
| #define PACKAGE_BUGREPORT "admin@eeob.com"
| #define PACKAGE_URL ""
| #define PACKAGE "linc"
| #define VERSION "1.0"
| /* end confdefs.h.  */
| #include <ac_nonexistent.h>
configure:7271: result: gcc -E
configure:7291: gcc -E  conftest.c
configure:7291: $? = 0
configure:7305: gcc -E  conftest.c
conftest.c:11:28: fatal error: ac_nonexistent.h: No such file or directory
 #include <ac_nonexistent.h>
                            ^
compilation terminated.
configure:7305: $? = 1
configure: failed program was:
| /* confdefs.h */
| #define PACKAGE_NAME "linc"
| #define PACKAGE_TARNAME "linc"
| #define PACKAGE_VERSION "1.0"
| #define PACKAGE_STRING "linc 1.0"
| #define PACKAGE_BUGREPORT "admin@eeob.com"
| #define PACKAGE_URL ""
| #define PACKAGE "linc"
| #define VERSION "1.0"
| /* end confdefs.h.  */
| #include <ac_nonexistent.h>
configure:7334: checking for ANSI C header files
configure:7354: gcc -c -g -O2  conftest.c >&5
configure:7354: $? = 0
configure:7427: gcc -o conftest -g -O2   conftest.c  >&5
configure:7427: $? = 0
configure:7427: ./conftest
configure:7427: $? = 0
configure:7438: result: yes
configure:7451: checking for sys/types.h
configure:7451: gcc -c -g -O2  conftest.c >&5
configure:7451: $? = 0
configure:7451: result: yes
configure:7451: checking for sys/stat.h
configure:7451: gcc -c -g -O2  conftest.c >&5
configure:7451: $? = 0
configure:7451: result: yes
configure:7451: checking for stdlib.h
configure:7451: gcc -c -g -O2  conftest.c >&5
configure:7451: $? = 0
configure:7451: result: yes
configure:7451: checking for string.h
configure:7451: gcc -c -g -O2  conftest.c >&5
configure:7451: $? = 0
configure:7451: result: yes
configure:7451: checking for memory.h
configure:7451: gcc -c -g -O2  conftest.c >&5
configure:7451: $? = 0
configure:7451: result: yes
configure:7451: checking for strings.h
configure:7451: gcc -c -g -O2  conftest.c >&5
configure:7451: $? = 0
configure:7451: result: yes
configure:7451: checking for inttypes.h
configure:7451: gcc -c -g -O2  conftest.c >&5
configure:7451: $? = 0
configure:7451: result: yes
configure:7451: checking for stdint.h
configure:7451: gcc -c -g -O2  conftest.c >&5
configure:7451: $? = 0
configure:7451: result: yes
configure:7451: checking for unistd.h
configure:7451: gcc -c -g -O2  conftest.c >&5
configure:7451: $? = 0
configure:7451: result: yes
configure:7465: checking for dlfcn.h
configure:7465: gcc -c -g -O2  conftest.c >&5
configure:7465: $? = 0
configure:7465: result: yes
configure:7671: checking for objdir
configure:7686: result: .libs
configure:7953: checking if gcc supports -fno-rtti -fno-exceptions
configure:7971: gcc -c -g -O2  -fno-rtti -fno-exceptions conftest.c >&5
cc1: warning: command line option '-fno-rtti' is valid for C++/ObjC++ but not for C [enabled by default]
configure:7975: $? = 0
configure:7988: result: no
configure:8315: checking for gcc option to produce PIC
configure:8322: result: -fPIC -DPIC
configure:8330: checking if gcc PIC flag -fPIC -DPIC works
configure:8348: gcc -c -g -O2  -fPIC -DPIC -DPIC conftest.c >&5
configure:8352: $? = 0
configure:8365: result: yes
configure:8394: checking if gcc static flag -static works
configure:8422: result: no
configure:8437: checking if gcc supports -c -o file.o
configure:8458: gcc -c -g -O2  -o out/conftest2.o conftest.c >&5
configure:8462: $? = 0
configure:8484: result: yes
configure:8492: checking if gcc supports -c -o file.o
configure:8539: result: yes
configure:8572: checking whether the gcc linker (/usr/bin/ld -m elf_x86_64) supports shared libraries
configure:9725: result: yes
configure:9762: checking whether -lc should be explicitly linked in
configure:9770: gcc -c -g -O2  conftest.c >&5
configure:9773: $? = 0
configure:9788: gcc -shared  -fPIC -DPIC conftest.o  -v -Wl,-soname -Wl,conftest -o conftest 2\>\&1 \| /usr/bin/grep  -lc  \>/dev/null 2\>\&1
configure:9791: $? = 0
configure:9805: result: no
configure:9965: checking dynamic linker characteristics
configure:10476: gcc -o conftest -g -O2   -Wl,-rpath -Wl,/foo conftest.c  >&5
configure:10476: $? = 0
configure:10702: result: GNU/Linux ld.so
configure:10809: checking how to hardcode library paths into programs
configure:10834: result: immediate
configure:11374: checking whether stripping libraries is possible
configure:11379: result: yes
configure:11414: checking if libtool supports shared libraries
configure:11416: result: yes
configure:11419: checking whether to build shared libraries
configure:11440: result: yes
configure:11443: checking whether to build static libraries
configure:11447: result: yes
configure:11488: checking for main in -lpthread
configure:11507: gcc -o conftest -g -O2   conftest.c -lpthread   >&5
configure:11507: $? = 0
configure:11516: result: yes
configure:11532: checking arpa/inet.h usability
configure:11532: gcc -c -g -O2  conftest.c >&5
configure:11532: $? = 0
configure:11532: result: yes
configure:11532: checking arpa/inet.h presence
configure:11532: gcc -E  conftest.c
configure:11532: $? = 0
configure:11532: result: yes
configure:11532: checking for arpa/inet.h
configure:11532: result: yes
configure:11532: checking fcntl.h usability
configure:11532: gcc -c -g -O2  conftest.c >&5
configure:11532: $? = 0
configure:11532: result: yes
configure:11532: checking fcntl.h presence
configure:11532: gcc -E  conftest.c
configure:11532: $? = 0
configure:11532: result: yes
configure:11532: checking for fcntl.h
configure:11532: result: yes
configure:11532: checking netdb.h usability
configure:11532: gcc -c -g -O2  conftest.c >&5
configure:11532: $? = 0
configure:11532: result: yes
configure:11532: checking netdb.h presence
configure:11532: gcc -E  conftest.c
configure:11532: $? = 0
configure:11532: result: yes
configure:11532: checking for netdb.h
configure:11532: result: yes
configure:11532: checking netinet/in.h usability
configure:11532: gcc -c -g -O2  conftest.c >&5
configure:11532: $? = 0
configure:11532: result: yes
configure:11532: checking netinet/in.h presence
configure:11532: gcc -E  conftest.c
configure:11532: $? = 0
configure:11532: result: yes
configure:11532: checking for netinet/in.h
configure:11532: result: yes
configure:11532: checking stddef.h usability
configure:11532: gcc -c -g -O2  conftest.c >&5
configure:11532: $? = 0
configure:11532: result: yes
configure:11532: checking stddef.h presence
configure:11532: gcc -E  conftest.c
configure:11532: $? = 0
configure:11532: result: yes
configure:11532: checking for stddef.h
configure:11532: result: yes
configure:11532: checking for stdlib.h
configure:11532: result: yes
configure:11532: checking for string.h
configure:11532: result: yes
configure:11532: checking sys/ioctl.h usability
configure:11532: gcc -c -g -O2  conftest.c >&5
configure:11532: $? = 0
configure:11532: result: yes
configure:11532: checking sys/ioctl.h presence
configure:11532: gcc -E  conftest.c
configure:11532: $? = 0
configure:11532: result: yes
configure:11532: checking for sys/ioctl.h
configure:11532: result: yes
configure:11532: checking sys/param.h usability
configure:11532: gcc -c -g -O2  conftest.c >&5
configure:11532: $? = 0
configure:11532: result: yes
configure:11532: checking sys/param.h presence
configure:11532: gcc -E  conftest.c
configure:11532: $? = 0
configure:11532: result: yes
configure:11532: checking for sys/param.h
configure:11532: result: yes
configure:11532: checking sys/socket.h usability
configure:11532: gcc -c -g -O2  conftest.c >&5
configure:11532: $? = 0
configure:11532: result: yes
configure:11532: checking sys/socket.h presence
configure:11532: gcc -E  conftest.c
configure:11532: $? = 0
configure:11532: result: yes
configure:11532: checking for sys/socket.h
configure:11532: result: yes
configure:11532: checking sys/time.h usability
configure:11532: gcc -c -g -O2  conftest.c >&5
configure:11532: $? = 0
configure:11532: result: yes
configure:11532: checking sys/time.h presence
configure:11532: gcc -E  conftest.c
configure:11532: $? = 0
configure:11532: result: yes
configure:11532: checking for sys/time.h
configure:11532: result: yes
configure:11532: checking termios.h usability
configure:11532: gcc -c -g -O2  conftest.c >&5
configure:11532: $? = 0
configure:11532: result: yes
configure:11532: checking termios.h presence
configure:11532: gcc -E  conftest.c
configure:11532: $? = 0
configure:11532: result: yes
configure:11532: checking for termios.h
configure:11532: result: yes
configure:11532: checking for unistd.h
configure:11532: result: yes
configure:11544: checking for size_t
configure:11544: gcc -c -g -O2  conftest.c >&5
configure:11544: $? = 0
configure:11544: gcc -c -g -O2  conftest.c >&5
conftest.c: In function 'main':
conftest.c:73:21: error: expected expression before ')' token
 if (sizeof ((size_t)))
                     ^
configure:11544: $? = 1
configure: failed program was:
| /* confdefs.h */
| #define PACKAGE_NAME "linc"
| #define PACKAGE_TARNAME "linc"
| #define PACKAGE_VERSION "1.0"
| #define PACKAGE_STRING "linc 1.0"
| #define PACKAGE_BUGREPORT "admin@eeob.com"
| #define PACKAGE_URL ""
| #define PACKAGE "linc"
| #define VERSION "1.0"
| #define STDC_HEADERS 1
| #define HAVE_SYS_TYPES_H 1
| #define HAVE_SYS_STAT_H 1
| #define HAVE_STDLIB_H 1
| #define HAVE_STRING_H 1
| #define HAVE_MEMORY_H 1
| #define HAVE_STRINGS_H 1
| #define HAVE_INTTYPES_H 1
| #define HAVE_STDINT_H 1
| #define HAVE_UNISTD_H 1
| #define HAVE_DLFCN_H 1
| #define LT_OBJDIR ".libs/"
| #define HAVE_LIBPTHREAD 1
| #define HAVE_ARPA_INET_H 1
| #define HAVE_FCNTL_H 1
| #define HAVE_NETDB_H 1
| #define HAVE_NETINET_IN_H 1
| #define HAVE_STDDEF_H 1
| #define HAVE_STDLIB_H 1
| #define HAVE_STRING_H 1
| #define HAVE_SYS_IOCTL_H 1
| #define HAVE_SYS_PARAM_H 1
| #define HAVE_SYS_SOCKET_H 1
| #define HAVE_SYS_TIME_H 1
| #define HAVE_TERMIOS_H 1
| #define HAVE_UNISTD_H 1
| /* end confdefs.h.  */
| #include <stdio.h>
| #ifdef HAVE_SYS_TYPES_H
| # include <sys/types.h>
| #endif
| #ifdef HAVE_SYS_STAT_H
| # include <sys/stat.h>
| #endif
| #ifdef STDC_HEADERS
| # include <stdlib.h>
| # include <stddef.h>
| #else
| # ifdef HAVE_STDLIB_H
| #  include <stdlib.h>
| # endif
| #endif
| #ifdef HAVE_STRING_H
| # if !defined STDC_HEADERS && defined HAVE_MEMORY_H
| #  include <memory.h>
| # endif
| # include <string.h>
| #endif
| #ifdef HAVE_STRINGS_H
| # include <strings.h>
| #endif
| #ifdef HAVE_INTTYPES_H
| # include <inttypes.h>
| #endif
| #ifdef HAVE_STDINT_H
| # include <stdint.h>
| #endif
| #ifdef HAVE_UNISTD_H
| # include <unistd.h>
| #endif
| int
| main ()
| {
| if (sizeof ((size_t)))
| 	    return 0;
|   ;
|   return 0;
| }
configure:11544: result: yes
configure:11555: checking for ssize_t
configure:11555: gcc -c -g -O2  conftest.c >&5
configure:11555: $? = 0
configure:11555: gcc -c -g -O2  conftest.c >&5
conftest.c: In function 'main':
conftest.c:73:22: error: expected expression before ')' token
 if (sizeof ((ssize_t)))
                      ^
configure:11555: $? = 1
configure: failed program was:
| /* confdefs.h */
| #define PACKAGE_NAME "linc"
| #define PACKAGE_TARNAME "linc"
| #define PACKAGE_VERSION "1.0"
| #define PACKAGE_STRING "linc 1.0"
| #define PACKAGE_BUGREPORT "admin@eeob.com"
| #define PACKAGE_URL ""
| #define PACKAGE "linc"
| #define VERSION "1.0"
| #define STDC_HEADERS 1
| #define HAVE_SYS_TYPES_H 1
| #define HAVE_SYS_STAT_H 1
| #define HAVE_STDLIB_H 1
| #define HAVE_STRING_H 1
| #define HAVE_MEMORY_H 1
| #define HAVE_STRINGS_H 1
| #define HAVE_INTTYPES_H 1
| #define HAVE_STDINT_H 1
| #define HAVE_UNISTD_H 1
| #define HAVE_DLFCN_H 1
| #define LT_OBJDIR ".libs/"
| #define HAVE_LIBPTHREAD 1
| #define HAVE_ARPA_INET_H 1
| #define HAVE_FCNTL_H 1
| #define HAVE_NETDB_H 1
| #define HAVE_NETINET_IN_H 1
| #define HAVE_STDDEF_H 1
| #define HAVE_STDLIB_H 1
| #define HAVE_STRING_H 1
| #define HAVE_SYS_IOCTL_H 1
| #define HAVE_SYS_PARAM_H 1
| #define HAVE_SYS_SOCKET_H 1
| #define HAVE_SYS_TIME_H 1
| #define HAVE_TERMIOS_H 1
| #define HAVE_UNISTD_H 1
| /* end confdefs.h.  */
| #include <stdio.h>
| #ifdef HAVE_SYS_TYPES_H
| # include <sys/types.h>
| #endif
| #ifdef HAVE_SYS_STAT_H
| # include <sys/stat.h>
| #endif
| #ifdef STDC_HEADERS
| # include <stdlib.h>
| # include <stddef.h>
| #else
| # ifdef HAVE_STDLIB_H
| #  include <stdlib.h>
| # endif
| #endif
| #ifdef HAVE_STRING_H
| # if !defined STDC_HEADERS && defined HAVE_MEMORY_H
| #  include <memory.h>
| # endif
| # include <string.h>
| #endif
| #ifdef HAVE_STRINGS_H
| # include <strings.h>
| #endif
| #ifdef HAVE_INTTYPES_H
| # include <inttypes.h>
| #endif
| #ifdef HAVE_STDINT_H
| # include <stdint.h>
| #endif
| #ifdef HAVE_UNISTD_H
| # include <unistd.h>
| #endif
| int
| main ()
| {
| if (sizeof ((ssize_t)))
| 	    return 0;
|   ;
|   return 0;
| }
configure:11555: result: yes
configure:11568: checking for pid_t
configure:11568: gcc -c -g -O2  conftest.c >&5
configure:11568: $? = 0
configure:11568: gcc -c -g -O2  conftest.c >&5
conftest.c: In function 'main':
conftest.c:73:20: error: expected expression before ')' token
 if (sizeof ((pid_t)))
                    ^
configure:11568: $? = 1
configure: failed program was:
| /* confdefs.h */
| #define PACKAGE_NAME "linc"
| #define PACKAGE_TARNAME "linc"
| #define PACKAGE_VERSION "1.0"
| #define PACKAGE_STRING "linc 1.0"
| #define PACKAGE_BUGREPORT "admin@eeob.com"
| #define PACKAGE_URL ""
| #define PACKAGE "linc"
| #define VERSION "1.0"
| #define STDC_HEADERS 1
| #define HAVE_SYS_TYPES_H 1
| #define HAVE_SYS_STAT_H 1
| #define HAVE_STDLIB_H 1
| #define HAVE_STRING_H 1
| #define HAVE_MEMORY_H 1
| #define HAVE_STRINGS_H 1
| #define HAVE_INTTYPES_H 1
| #define HAVE_STDINT_H 1
| #define HAVE_UNISTD_H 1
| #define HAVE_DLFCN_H 1
| #define LT_OBJDIR ".libs/"
| #define HAVE_LIBPTHREAD 1
| #define HAVE_ARPA_INET_H 1
| #define HAVE_FCNTL_H 1
| #define HAVE_NETDB_H 1
| #define HAVE_NETINET_IN_H 1
| #define HAVE_STDDEF_H 1
| #define HAVE_STDLIB_H 1
| #define HAVE_STRING_H 1
| #define HAVE_SYS_IOCTL_H 1
| #define HAVE_SYS_PARAM_H 1
| #define HAVE_SYS_SOCKET_H 1
| #define HAVE_SYS_TIME_H 1
| #define HAVE_TERMIOS_H 1
| #define HAVE_UNISTD_H 1
| /* end confdefs.h.  */
| #include <stdio.h>
| #ifdef HAVE_SYS_TYPES_H
| # include <sys/types.h>
| #endif
| #ifdef HAVE_SYS_STAT_H
| # include <sys/stat.h>
| #endif
| #ifdef STDC_HEADERS
| # include <stdlib.h>
| # include <stddef.h>
| #else
| # ifdef HAVE_STDLIB_H
| #  include <stdlib.h>
| # endif
| #endif
| #ifdef HAVE_STRING_H
| # if !defined STDC_HEADERS && defined HAVE_MEMORY_H
| #  include <memory.h>
| # endif
| # include <string.h>
| #endif
| #ifdef HAVE_STRINGS_H
| # include <strings.h>
| #endif
| #ifdef HAVE_INTTYPES_H
| # include <inttypes.h>
| #endif
| #ifdef HAVE_STDINT_H
| # include <stdint.h>
| #endif
| #ifdef HAVE_UNISTD_H
| # include <unistd.h>
| #endif
| int
| main ()
| {
| if (sizeof ((pid_t)))
| 	    return 0;
|   ;
|   return 0;
| }
configure:11568: result: yes
configure:11581: checking vfork.h usability
configure:11581: gcc -c -g -O2  conftest.c >&5
conftest.c:70:19: fatal error: vfork.h: No such file or directory
 #include <vfork.h>
                   ^
compilation terminated.
configure:11581: $? = 1
configure: failed program was:
| /* confdefs.h */
| #define PACKAGE_NAME "linc"
| #define PACKAGE_TARNAME "linc"
| #define PACKAGE_VERSION "1.0"
| #define PACKAGE_STRING "linc 1.0"
| #define PACKAGE_BUGREPORT "admin@eeob.com"
| #define PACKAGE_URL ""
| #define PACKAGE "linc"
| #define VERSION "1.0"
| #define STDC_HEADERS 1
| #define HAVE_SYS_TYPES_H 1
| #define HAVE_SYS_STAT_H 1
| #define HAVE_STDLIB_H 1
| #define HAVE_STRING_H 1
| #define HAVE_MEMORY_H 1
| #define HAVE_STRINGS_H 1
| #define HAVE_INTTYPES_H 1
| #define HAVE_STDINT_H 1
| #define HAVE_UNISTD_H 1
| #define HAVE_DLFCN_H 1
| #define LT_OBJDIR ".libs/"
| #define HAVE_LIBPTHREAD 1
| #define HAVE_ARPA_INET_H 1
| #define HAVE_FCNTL_H 1
| #define HAVE_NETDB_H 1
| #define HAVE_NETINET_IN_H 1
| #define HAVE_STDDEF_H 1
| #define HAVE_STDLIB_H 1
| #define HAVE_STRING_H 1
| #define HAVE_SYS_IOCTL_H 1
| #define HAVE_SYS_PARAM_H 1
| #define HAVE_SYS_SOCKET_H 1
| #define HAVE_SYS_TIME_H 1
| #define HAVE_TERMIOS_H 1
| #define HAVE_UNISTD_H 1
| /* end confdefs.h.  */
| #include <stdio.h>
| #ifdef HAVE_SYS_TYPES_H
| # include <sys/types.h>
| #endif
| #ifdef HAVE_SYS_STAT_H
| # include <sys/stat.h>
| #endif
| #ifdef STDC_HEADERS
| # include <stdlib.h>
| # include <stddef.h>
| #else
| # ifdef HAVE_STDLIB_H
| #  include <stdlib.h>
| # endif
| #endif
| #ifdef HAVE_STRING_H
| # if !defined STDC_HEADERS && defined HAVE_MEMORY_H
| #  include <memory.h>
| # endif
| # include <string.h>
| #endif
| #ifdef HAVE_STRINGS_H
| # include <strings.h>
| #endif
| #ifdef HAVE_INTTYPES_H
| # include <inttypes.h>
| #endif
| #ifdef HAVE_STDINT_H
| # include <stdint.h>
| #endif
| #ifdef HAVE_UNISTD_H
| # include <unistd.h>
| #endif
| #include <vfork.h>
configure:11581: result: no
configure:11581: checking vfork.h presence
configure:11581: gcc -E  conftest.c
conftest.c:37:19: fatal error: vfork.h: No such file or directory
 #include <vfork.h>
                   ^
compilation terminated.
configure:11581: $? = 1
configure: failed program was:
| /* confdefs.h */
| #define PACKAGE_NAME "linc"
| #define PACKAGE_TARNAME "linc"
| #define PACKAGE_VERSION "1.0"
| #define PACKAGE_STRING "linc 1.0"
| #define PACKAGE_BUGREPORT "admin@eeob.com"
| #define PACKAGE_URL ""
| #define PACKAGE "linc"
| #define VERSION "1.0"
| #define STDC_HEADERS 1
| #define HAVE_SYS_TYPES_H 1
| #define HAVE_SYS_STAT_H 1
| #define HAVE_STDLIB_H 1
| #define HAVE_STRING_H 1
| #define HAVE_MEMORY_H 1
| #define HAVE_STRINGS_H 1
| #define HAVE_INTTYPES_H 1
| #define HAVE_STDINT_H 1
| #define HAVE_UNISTD_H 1
| #define HAVE_DLFCN_H 1
| #define LT_OBJDIR ".libs/"
| #define HAVE_LIBPTHREAD 1
| #define HAVE_ARPA_INET_H 1
| #define HAVE_FCNTL_H 1
| #define HAVE_NETDB_H 1
| #define HAVE_NETINET_IN_H 1
| #define HAVE_STDDEF_H 1
| #define HAVE_STDLIB_H 1
| #define HAVE_STRING_H 1
| #define HAVE_SYS_IOCTL_H 1
| #define HAVE_SYS_PARAM_H 1
| #define HAVE_SYS_SOCKET_H 1
| #define HAVE_SYS_TIME_H 1
| #define HAVE_TERMIOS_H 1
| #define HAVE_UNISTD_H 1
| /* end confdefs.h.  */
| #include <vfork.h>
configure:11581: result: no
configure:11581: checking for vfork.h
configure:11581: result: no
configure:11594: checking for fork
configure:11594: gcc -o conftest -g -O2   conftest.c -lpthread  >&5
conftest.c:60:6: warning: conflicting types for built-in function 'fork' [enabled by default]
 char fork ();
      ^
configure:11594: $? = 0
configure:11594: result: yes
configure:11594: checking for vfork
configure:11594: gcc -o conftest -g -O2   conftest.c -lpthread  >&5
configure:11594: $? = 0
configure:11594: result: yes
configure:11604: checking for working fork
configure:11626: gcc -o conftest -g -O2   conftest.c -lpthread  >&5
configure:11626: $? = 0
configure:11626: ./conftest
configure:11626: $? = 0
configure:11636: result: yes
configure:11657: checking for working vfork
configure:11767: result: yes
configure:11794: checking for stdlib.h
configure:11794: result: yes
configure:11804: checking for GNU libc compatible malloc
configure:11828: gcc -o conftest -g -O2   conftest.c -lpthread  >&5
configure:11828: $? = 0
configure:11828: ./conftest
configure:11828: $? = 0
configure:11838: result: yes
configure:11862: checking for inet_ntoa
configure:11862: gcc -o conftest -g -O2   conftest.c -lpthread  >&5
configure:11862: $? = 0
configure:11862: result: yes
configure:11862: checking for memset
configure:11862: gcc -o conftest -g -O2   conftest.c -lpthread  >&5
conftest.c:67:6: warning: conflicting types for built-in function 'memset' [enabled by default]
 char memset ();
      ^
configure:11862: $? = 0
configure:11862: result: yes
configure:11862: checking for select
configure:11862: gcc -o conftest -g -O2   conftest.c -lpthread  >&5
configure:11862: $? = 0
configure:11862: result: yes
configure:11862: checking for socket
configure:11862: gcc -o conftest -g -O2   conftest.c -lpthread  >&5
configure:11862: $? = 0
configure:11862: result: yes
configure:11862: checking for strchr
configure:11862: gcc -o conftest -g -O2   conftest.c -lpthread  >&5
conftest.c:70:6: warning: conflicting types for built-in function 'strchr' [enabled by default]
 char strchr ();
      ^
configure:11862: $? = 0
configure:11862: result: yes
configure:11862: checking for strerror
configure:11862: gcc -o conftest -g -O2   conftest.c -lpthread  >&5
configure:11862: $? = 0
configure:11862: result: yes
configure:11983: checking that generated files are newer than configure
configure:11989: result: done
configure:12012: creating ./config.status

## ---------------------- ##
## Running config.status. ##
## ---------------------- ##

This file was extended by linc config.status 1.0, which was
generated by GNU Autoconf 2.69.  Invocation command line was

  CONFIG_FILES    = 
  CONFIG_HEADERS  = 
  CONFIG_LINKS    = 
  CONFIG_COMMANDS = 
  $ ./config.status 

on promote.cache-dns.local

config.status:1109: creating Makefile
config.status:1109: creating src/Makefile
config.status:1109: creating src/core/Makefile
config.status:1109: creating src/os/unix/Makefile
config.status:1109: creating config.h
config.status:1290: config.h is unchanged
config.status:1338: executing depfiles commands
config.status:1338: executing libtool commands

## ---------------- ##
## Cache variables. ##
## ---------------- ##

ac_cv_build=x86_64-unknown-linux-gnu
ac_cv_c_compiler_gnu=yes
ac_cv_env_CC_set=
ac_cv_env_CC_value=
ac_cv_env_CFLAGS_set=
ac_cv_env_CFLAGS_value=
ac_cv_env_CPPFLAGS_set=
ac_cv_env_CPPFLAGS_value=
ac_cv_env_CPP_set=
ac_cv_env_CPP_value=
ac_cv_env_LDFLAGS_set=
ac_cv_env_LDFLAGS_value=
ac_cv_env_LIBS_set=
ac_cv_env_LIBS_value=
ac_cv_env_build_alias_set=
ac_cv_env_build_alias_value=
ac_cv_env_host_alias_set=
ac_cv_env_host_alias_value=
ac_cv_env_target_alias_set=
ac_cv_env_target_alias_value=
ac_cv_func_fork=yes
ac_cv_func_fork_works=yes
ac_cv_func_inet_ntoa=yes
ac_cv_func_malloc_0_nonnull=yes
ac_cv_func_memset=yes
ac_cv_func_select=yes
ac_cv_func_socket=yes
ac_cv_func_strchr=yes
ac_cv_func_strerror=yes
ac_cv_func_vfork=yes
ac_cv_func_vfork_works=yes
ac_cv_header_arpa_inet_h=yes
ac_cv_header_dlfcn_h=yes
ac_cv_header_fcntl_h=yes
ac_cv_header_inttypes_h=yes
ac_cv_header_memory_h=yes
ac_cv_header_netdb_h=yes
ac_cv_header_netinet_in_h=yes
ac_cv_header_stdc=yes
ac_cv_header_stddef_h=yes
ac_cv_header_stdint_h=yes
ac_cv_header_stdlib_h=yes
ac_cv_header_string_h=yes
ac_cv_header_strings_h=yes
ac_cv_header_sys_ioctl_h=yes
ac_cv_header_sys_param_h=yes
ac_cv_header_sys_socket_h=yes
ac_cv_header_sys_stat_h=yes
ac_cv_header_sys_time_h=yes
ac_cv_header_sys_types_h=yes
ac_cv_header_termios_h=yes
ac_cv_header_unistd_h=yes
ac_cv_header_vfork_h=no
ac_cv_host=x86_64-unknown-linux-gnu
ac_cv_lib_pthread_main=yes
ac_cv_objext=o
ac_cv_path_EGREP='/usr/bin/grep -E'
ac_cv_path_FGREP='/usr/bin/grep -F'
ac_cv_path_GREP=/usr/bin/grep
ac_cv_path_SED=/usr/bin/sed
ac_cv_path_install='/usr/bin/install -c'
ac_cv_path_mkdir=/usr/bin/mkdir
ac_cv_prog_AWK=gawk
ac_cv_prog_CPP='gcc -E'
ac_cv_prog_ac_ct_AR=ar
ac_cv_prog_ac_ct_CC=gcc
ac_cv_prog_ac_ct_OBJDUMP=objdump
ac_cv_prog_ac_ct_RANLIB=ranlib
ac_cv_prog_ac_ct_STRIP=strip
ac_cv_prog_cc_c89=
ac_cv_prog_cc_g=yes
ac_cv_prog_make_make_set=yes
ac_cv_type_pid_t=yes
ac_cv_type_size_t=yes
ac_cv_type_ssize_t=yes
am_cv_CC_dependencies_compiler_type=gcc3
am_cv_make_support_nested_variables=yes
lt_cv_ar_at_file=@
lt_cv_archive_cmds_need_lc=no
lt_cv_deplibs_check_method=pass_all
lt_cv_file_magic_cmd='$MAGIC_CMD'
lt_cv_file_magic_test_file=
lt_cv_ld_reload_flag=-r
lt_cv_nm_interface='BSD nm'
lt_cv_objdir=.libs
lt_cv_path_LD=/usr/bin/ld
lt_cv_path_NM='/usr/bin/nm -B'
lt_cv_path_mainfest_tool=no
lt_cv_prog_compiler_c_o=yes
lt_cv_prog_compiler_pic='-fPIC -DPIC'
lt_cv_prog_compiler_pic_works=yes
lt_cv_prog_compiler_rtti_exceptions=no
lt_cv_prog_compiler_static_works=no
lt_cv_prog_gnu_ld=yes
lt_cv_sharedlib_from_linklib_cmd='printf %s\n'
lt_cv_shlibpath_overrides_runpath=no
lt_cv_sys_global_symbol_pipe='sed -n -e '\''s/^.*[	 ]\([ABCDGIRSTW][ABCDGIRSTW]*\)[	 ][	 ]*\([_A-Za-z][_A-Za-z0-9]*\)$/\1 \2 \2/p'\'' | sed '\''/ __gnu_lto/d'\'''
lt_cv_sys_global_symbol_to_c_name_address='sed -n -e '\''s/^: \([^ ]*\)[ ]*$/  {\"\1\", (void *) 0},/p'\'' -e '\''s/^[ABCDGIRSTW]* \([^ ]*\) \([^ ]*\)$/  {"\2", (void *) \&\2},/p'\'''
lt_cv_sys_global_symbol_to_c_name_address_lib_prefix='sed -n -e '\''s/^: \([^ ]*\)[ ]*$/  {\"\1\", (void *) 0},/p'\'' -e '\''s/^[ABCDGIRSTW]* \([^ ]*\) \(lib[^ ]*\)$/  {"\2", (void *) \&\2},/p'\'' -e '\''s/^[ABCDGIRSTW]* \([^ ]*\) \([^ ]*\)$/  {"lib\2", (void *) \&\2},/p'\'''
lt_cv_sys_global_symbol_to_cdecl='sed -n -e '\''s/^T .* \(.*\)$/extern int \1();/p'\'' -e '\''s/^[ABCDGIRSTW]* .* \(.*\)$/extern char \1;/p'\'''
lt_cv_sys_max_cmd_len=1572864
lt_cv_to_host_file_cmd=func_convert_file_noop
lt_cv_to_tool_file_cmd=func_convert_file_noop

## ----------------- ##
## Output variables. ##
## ----------------- ##

ACLOCAL='${SHELL} /home/linc/missing aclocal-1.13'
AMDEPBACKSLASH='\'
AMDEP_FALSE='#'
AMDEP_TRUE=''
AMTAR='$${TAR-tar}'
AM_BACKSLASH='\'
AM_DEFAULT_V='$(AM_DEFAULT_VERBOSITY)'
AM_DEFAULT_VERBOSITY='1'
AM_V='$(V)'
AR='ar'
AUTOCONF='${SHELL} /home/linc/missing autoconf'
AUTOHEADER='${SHELL} /home/linc/missing autoheader'
AUTOMAKE='${SHELL} /home/linc/missing automake-1.13'
AWK='gawk'
CC='gcc'
CCDEPMODE='depmode=gcc3'
CFLAGS='-g -O2'
CPP='gcc -E'
CPPFLAGS=''
CYGPATH_W='echo'
DEFS='-DHAVE_CONFIG_H'
DEPDIR='.deps'
DLLTOOL='false'
DSYMUTIL=''
DUMPBIN=''
ECHO_C=''
ECHO_N='-n'
ECHO_T=''
EGREP='/usr/bin/grep -E'
EXEEXT=''
FGREP='/usr/bin/grep -F'
GREP='/usr/bin/grep'
INSTALL_DATA='${INSTALL} -m 644'
INSTALL_PROGRAM='${INSTALL}'
INSTALL_SCRIPT='${INSTALL}'
INSTALL_STRIP_PROGRAM='$(install_sh) -c -s'
LD='/usr/bin/ld -m elf_x86_64'
LDFLAGS=''
LIBOBJS=''
LIBS='-lpthread '
LIBTOOL='$(SHELL) $(top_builddir)/libtool'
LIPO=''
LN_S='ln -s'
LTLIBOBJS=''
MAKEINFO='${SHELL} /home/linc/missing makeinfo'
MANIFEST_TOOL=':'
MKDIR_P='/usr/bin/mkdir -p'
NM='/usr/bin/nm -B'
NMEDIT=''
OBJDUMP='objdump'
OBJEXT='o'
OTOOL64=''
OTOOL=''
PACKAGE='linc'
PACKAGE_BUGREPORT='admin@eeob.com'
PACKAGE_NAME='linc'
PACKAGE_STRING='linc 1.0'
PACKAGE_TARNAME='linc'
PACKAGE_URL=''
PACKAGE_VERSION='1.0'
PATH_SEPARATOR=':'
RANLIB='ranlib'
SED='/usr/bin/sed'
SET_MAKE=''
SHELL='/bin/sh'
STRIP='strip'
VERSION='1.0'
ac_ct_AR='ar'
ac_ct_CC='gcc'
ac_ct_DUMPBIN=''
am__EXEEXT_FALSE=''
am__EXEEXT_TRUE='#'
am__fastdepCC_FALSE='#'
am__fastdepCC_TRUE=''
am__include='include'
am__isrc=''
am__leading_dot='.'
am__nodep='_no'
am__quote=''
am__tar='$${TAR-tar} chof - "$$tardir"'
am__untar='$${TAR-tar} xf -'
bindir='${exec_prefix}/bin'
build='x86_64-unknown-linux-gnu'
build_alias=''
build_cpu='x86_64'
build_os='linux-gnu'
build_vendor='unknown'
datadir='${datarootdir}'
datarootdir='${prefix}/share'
docdir='${datarootdir}/doc/${PACKAGE_TARNAME}'
dvidir='${docdir}'
exec_prefix='${prefix}'
host='x86_64-unknown-linux-gnu'
host_alias=''
host_cpu='x86_64'
host_os='linux-gnu'
host_vendor='unknown'
htmldir='${docdir}'
includedir='${prefix}/include'
infodir='${datarootdir}/info'
install_sh='${SHELL} /home/linc/install-sh'
libdir='${exec_prefix}/lib'
libexecdir='${exec_prefix}/libexec'
localedir='${datarootdir}/locale'
localstatedir='${prefix}/var'
mandir='${datarootdir}/man'
mkdir_p='$(MKDIR_P)'
oldincludedir='/usr/include'
pdfdir='${docdir}'
prefix='/usr/local/linc'
program_transform_name='s,x,x,'
psdir='${docdir}'
sbindir='${exec_prefix}/sbin'
sharedstatedir='${prefix}/com'
sysconfdir='${prefix}/etc'
target_alias=''

## ----------- ##
## confdefs.h. ##
## ----------- ##

/* confdefs.h */
#define PACKAGE_NAME "linc"
#define PACKAGE_TARNAME "linc"
#define PACKAGE_VERSION "1.0"
#define PACKAGE_STRING "linc 1.0"
#define PACKAGE_BUGREPORT "admin@eeob.com"
#define PACKAGE_URL ""
#define PACKAGE "linc"
#define VERSION "1.0"
#define STDC_HEADERS 1
#define HAVE_SYS_TYPES_H 1
#define HAVE_SYS_STAT_H 1
#define HAVE_STDLIB_H 1
#define HAVE_STRING_H 1
#define HAVE_MEMORY_H 1
#define HAVE_STRINGS_H 1
#define HAVE_INTTYPES_H 1
#define HAVE_STDINT_H 1
#define HAVE_UNISTD_H 1
#define HAVE_DLFCN_H 1
#define LT_OBJDIR ".libs/"
#define HAVE_LIBPTHREAD 1
#define HAVE_ARPA_INET_H 1
#define HAVE_FCNTL_H 1
#define HAVE_NETDB_H 1
#define HAVE_NETINET_IN_H 1
#define HAVE_STDDEF_H 1
#define HAVE_STDLIB_H 1
#define HAVE_STRING_H 1
#define HAVE_SYS_IOCTL_H 1
#define HAVE_SYS_PARAM_H 1
#define HAVE_SYS_SOCKET_H 1
#define HAVE_SYS_TIME_H 1
#define HAVE_TERMIOS_H 1
#define HAVE_UNISTD_H 1
#define HAVE_FORK 1
#define HAVE_VFORK 1
#define HAVE_WORKING_VFORK 1
#define HAVE_WORKING_FORK 1
#define HAVE_STDLIB_H 1
#define HAVE_MALLOC 1
#define HAVE_INET_NTOA 1
#define HAVE_MEMSET 1
#define HAVE_SELECT 1
#define HAVE_SOCKET 1
#define HAVE_STRCHR 1
#define HAVE_STRERROR 1

configure: exit 0

## ---------------------- ##
## Running config.status. ##
## ---------------------- ##

This file was extended by linc config.status 1.0, which was
generated by GNU Autoconf 2.69.  Invocation command line was

  CONFIG_FILES    = 
  CONFIG_HEADERS  = 
  CONFIG_LINKS    = 
  CONFIG_COMMANDS = 
  $ ./config.status src/core/Makefile depfiles

on localhost.localdomain

config.status:1109: creating src/core/Makefile
config.status:1338: executing depfiles commands
